<?xml version="1.0" encoding="UTF-8"?>
<testng-results skipped="0" failed="0" total="2" passed="2">
  <reporter-output>
  </reporter-output>
  <suite name="Default suite" duration-ms="48283" started-at="2019-11-06T12:20:49Z" finished-at="2019-11-06T12:21:37Z">
    <groups>
    </groups>
    <test name="Default test" duration-ms="48283" started-at="2019-11-06T12:20:49Z" finished-at="2019-11-06T12:21:37Z">
      <class name="pom.atcost.testcases.LoginPageTest">
        <test-method status="PASS" signature="setUp()[pri:0, instance:pom.atcost.testcases.LoginPageTest@1794d431]" name="setUp" is-config="true" duration-ms="14135" started-at="2019-11-06T17:50:49Z" finished-at="2019-11-06T17:51:03Z">
          <reporter-output>
          </reporter-output>
        </test-method> <!-- setUp -->
        <test-method status="PASS" signature="loginPageTitleTest()[pri:0, instance:pom.atcost.testcases.LoginPageTest@1794d431]" name="loginPageTitleTest" duration-ms="13" started-at="2019-11-06T17:51:03Z" finished-at="2019-11-06T17:51:03Z">
          <reporter-output>
          </reporter-output>
        </test-method> <!-- loginPageTitleTest -->
        <test-method status="PASS" signature="tearDown()[pri:0, instance:pom.atcost.testcases.LoginPageTest@1794d431]" name="tearDown" is-config="true" duration-ms="1" started-at="2019-11-06T17:51:03Z" finished-at="2019-11-06T17:51:03Z">
          <reporter-output>
          </reporter-output>
        </test-method> <!-- tearDown -->
        <test-method status="PASS" signature="setUp()[pri:0, instance:pom.atcost.testcases.LoginPageTest@1794d431]" name="setUp" is-config="true" duration-ms="16025" started-at="2019-11-06T17:51:03Z" finished-at="2019-11-06T17:51:19Z">
          <reporter-output>
          </reporter-output>
        </test-method> <!-- setUp -->
        <test-method status="PASS" signature="loginTest()[pri:0, instance:pom.atcost.testcases.LoginPageTest@1794d431]" name="loginTest" duration-ms="18096" started-at="2019-11-06T17:51:19Z" finished-at="2019-11-06T17:51:37Z">
          <reporter-output>
          </reporter-output>
        </test-method> <!-- loginTest -->
        <test-method status="PASS" signature="tearDown()[pri:0, instance:pom.atcost.testcases.LoginPageTest@1794d431]" name="tearDown" is-config="true" duration-ms="1" started-at="2019-11-06T17:51:37Z" finished-at="2019-11-06T17:51:37Z">
          <reporter-output>
          </reporter-output>
        </test-method> <!-- tearDown -->
      </class> <!-- pom.atcost.testcases.LoginPageTest -->
    </test> <!-- Default test -->
  </suite> <!-- Default suite -->
</testng-results>
